#
# There is insufficient memory for the Java Runtime Environment to continue.
# Native memory allocation (malloc) failed to allocate 1712672 bytes for Chunk::new
# Possible reasons:
#   The system is out of physical RAM or swap space
#   The process is running with CompressedOops enabled, and the Java Heap may be blocking the growth of the native heap
# Possible solutions:
#   Reduce memory load on the system
#   Increase physical memory or swap space
#   Check if swap backing store is full
#   Decrease Java heap size (-Xmx/-Xms)
#   Decrease number of Java threads
#   Decrease Java thread stack sizes (-Xss)
#   Set larger code cache with -XX:ReservedCodeCacheSize=
#   JVM is running with Unscaled Compressed Oops mode in which the Java heap is
#     placed in the first 4GB address space. The Java Heap base address is the
#     maximum limit for the native heap growth. Please use -XX:HeapBaseMinAddress
#     to set the Java Heap base and to place the Java Heap above 4GB virtual address.
# This output file may be truncated or incomplete.
#
#  Out of Memory Error (arena.cpp:191), pid=15740, tid=12432
#
# JRE version: OpenJDK Runtime Environment Temurin-17.0.9+9 (17.0.9+9) (build 17.0.9+9)
# Java VM: OpenJDK 64-Bit Server VM Temurin-17.0.9+9 (17.0.9+9, mixed mode, sharing, tiered, compressed oops, compressed class ptrs, parallel gc, windows-amd64)
# No core dump will be written. Minidumps are not enabled by default on client versions of Windows
#

---------------  S U M M A R Y ------------

Command Line: --add-modules=ALL-SYSTEM --add-opens=java.base/java.util=ALL-UNNAMED --add-opens=java.base/java.lang=ALL-UNNAMED --add-opens=java.base/sun.nio.fs=ALL-UNNAMED -Declipse.application=org.eclipse.jdt.ls.core.id1 -Dosgi.bundles.defaultStartLevel=4 -Declipse.product=org.eclipse.jdt.ls.core.product -Djava.import.generatesMetadataFilesAtProjectRoot=false -DDetectVMInstallationsJob.disabled=true -Dfile.encoding=utf8 -XX:+UseParallelGC -XX:GCTimeRatio=4 -XX:AdaptiveSizePolicyWeight=90 -Dsun.zip.disableMemoryMapping=true -Xmx1G -Xms100m -Xlog:disable -javaagent:c:\Users\olehi\.vscode\extensions\redhat.java-1.25.0-win32-x64\lombok\lombok-1.18.30.jar -XX:+HeapDumpOnOutOfMemoryError -XX:HeapDumpPath=c:\Users\olehi\AppData\Roaming\Code\User\workspaceStorage\327bbc810c102c4755b09190e4f9f62a\redhat.java -Daether.dependencyCollector.impl=bf c:\Users\olehi\.vscode\extensions\redhat.java-1.25.0-win32-x64\server\plugins\org.eclipse.equinox.launcher_1.6.600.v20231012-1237.jar -configuration c:\Users\olehi\AppData\Roaming\Code\User\globalStorage\redhat.java\1.25.0\config_win -data c:\Users\olehi\AppData\Roaming\Code\User\workspaceStorage\327bbc810c102c4755b09190e4f9f62a\redhat.java\jdt_ws --stdio

Host: AMD Ryzen 5 4500U with Radeon Graphics         , 6 cores, 7G,  Windows 11 , 64 bit Build 22000 (10.0.22000.2538)
Time: Thu Nov 30 21:58:35 2023  Windows 11 , 64 bit Build 22000 (10.0.22000.2538) elapsed time: 25.850309 seconds (0d 0h 0m 25s)

---------------  T H R E A D  ---------------

Current thread (0x000001b34961b530):  JavaThread "C2 CompilerThread0" daemon [_thread_in_native, id=12432, stack(0x000000085e900000,0x000000085ea00000)]


Current CompileTask:
C2:  25850 9690       4       org.eclipse.jdt.internal.compiler.parser.Parser::consumeRule (7878 bytes)

Stack: [0x000000085e900000,0x000000085ea00000]
Native frames: (J=compiled Java code, j=interpreted, Vv=VM code, C=native code)
V  [jvm.dll+0x67cf49]
V  [jvm.dll+0x83478a]
V  [jvm.dll+0x83624e]
V  [jvm.dll+0x8368b3]
V  [jvm.dll+0x247f1f]
V  [jvm.dll+0xac43c]
V  [jvm.dll+0xaca8c]
V  [jvm.dll+0x367067]
V  [jvm.dll+0x3313ba]
V  [jvm.dll+0x33085a]
V  [jvm.dll+0x21a5b1]
V  [jvm.dll+0x2199d1]
V  [jvm.dll+0x1a57cd]
V  [jvm.dll+0x2297ae]
V  [jvm.dll+0x22797c]
V  [jvm.dll+0x7e9877]
V  [jvm.dll+0x7e3c3a]
V  [jvm.dll+0x67be35]
C  [ucrtbase.dll+0x26c0c]
C  [KERNEL32.DLL+0x153e0]
C  [ntdll.dll+0x485b]


---------------  P R O C E S S  ---------------

Threads class SMR info:
_java_thread_list=0x000001b391f2f8e0, length=36, elements={
0x000001b3309617f0, 0x000001b330a1bc60, 0x000001b330a1d500, 0x000001b3496153c0,
0x000001b349615f50, 0x000001b349618af0, 0x000001b34961a930, 0x000001b34961b530,
0x000001b34967b8d0, 0x000001b34967bdf0, 0x000001b390065300, 0x000001b3901ead00,
0x000001b39087cbf0, 0x000001b390aa42a0, 0x000001b390acd8b0, 0x000001b390b7feb0,
0x000001b39136d140, 0x000001b391432100, 0x000001b391433a50, 0x000001b3914302a0,
0x000001b391433030, 0x000001b391432610, 0x000001b391432b20, 0x000001b3914316e0,
0x000001b391433540, 0x000001b391431bf0, 0x000001b3919fd6b0, 0x000001b3919f8fd0,
0x000001b3919fae30, 0x000001b3919fc270, 0x000001b3919fdbc0, 0x000001b3919fe0d0,
0x000001b3919fc780, 0x000001b3919f99f0, 0x000001b3919fb850, 0x000001b391098ab0
}

Java Threads: ( => current thread )
  0x000001b3309617f0 JavaThread "main" [_thread_blocked, id=8260, stack(0x000000085e000000,0x000000085e100000)]
  0x000001b330a1bc60 JavaThread "Reference Handler" daemon [_thread_blocked, id=2552, stack(0x000000085e300000,0x000000085e400000)]
  0x000001b330a1d500 JavaThread "Finalizer" daemon [_thread_blocked, id=12472, stack(0x000000085e400000,0x000000085e500000)]
  0x000001b3496153c0 JavaThread "Signal Dispatcher" daemon [_thread_blocked, id=16344, stack(0x000000085e500000,0x000000085e600000)]
  0x000001b349615f50 JavaThread "Attach Listener" daemon [_thread_blocked, id=16444, stack(0x000000085e600000,0x000000085e700000)]
  0x000001b349618af0 JavaThread "Service Thread" daemon [_thread_blocked, id=20468, stack(0x000000085e700000,0x000000085e800000)]
  0x000001b34961a930 JavaThread "Monitor Deflation Thread" daemon [_thread_blocked, id=15760, stack(0x000000085e800000,0x000000085e900000)]
=>0x000001b34961b530 JavaThread "C2 CompilerThread0" daemon [_thread_in_native, id=12432, stack(0x000000085e900000,0x000000085ea00000)]
  0x000001b34967b8d0 JavaThread "C1 CompilerThread0" daemon [_thread_blocked, id=13120, stack(0x000000085ea00000,0x000000085eb00000)]
  0x000001b34967bdf0 JavaThread "Sweeper thread" daemon [_thread_blocked, id=3408, stack(0x000000085eb00000,0x000000085ec00000)]
  0x000001b390065300 JavaThread "Common-Cleaner" daemon [_thread_blocked, id=10492, stack(0x000000085ec00000,0x000000085ed00000)]
  0x000001b3901ead00 JavaThread "Notification Thread" daemon [_thread_blocked, id=15140, stack(0x000000085ed00000,0x000000085ee00000)]
  0x000001b39087cbf0 JavaThread "Active Thread: Equinox Container: 1446a085-764f-422f-8b31-d9b0b16a9ffd" [_thread_blocked, id=20340, stack(0x000000085f500000,0x000000085f600000)]
  0x000001b390aa42a0 JavaThread "Framework Event Dispatcher: Equinox Container: 1446a085-764f-422f-8b31-d9b0b16a9ffd" daemon [_thread_blocked, id=11688, stack(0x000000085f600000,0x000000085f700000)]
  0x000001b390acd8b0 JavaThread "Start Level: Equinox Container: 1446a085-764f-422f-8b31-d9b0b16a9ffd" daemon [_thread_blocked, id=13228, stack(0x000000085f700000,0x000000085f800000)]
  0x000001b390b7feb0 JavaThread "Bundle File Closer" daemon [_thread_blocked, id=10744, stack(0x000000085f800000,0x000000085f900000)]
  0x000001b39136d140 JavaThread "SCR Component Actor" daemon [_thread_blocked, id=7732, stack(0x000000085f900000,0x000000085fa00000)]
  0x000001b391432100 JavaThread "Worker-JM" [_thread_blocked, id=17896, stack(0x000000085fb00000,0x000000085fc00000)]
  0x000001b391433a50 JavaThread "Worker-0: Building" [_thread_in_native, id=12664, stack(0x000000085fc00000,0x000000085fd00000)]
  0x000001b3914302a0 JavaThread "Worker-1" [_thread_blocked, id=3188, stack(0x000000085fd00000,0x000000085fe00000)]
  0x000001b391433030 JavaThread "Java indexing" daemon [_thread_blocked, id=10172, stack(0x000000085ef00000,0x000000085f000000)]
  0x000001b391432610 JavaThread "JNA Cleaner" daemon [_thread_blocked, id=14244, stack(0x000000085ff00000,0x0000000860000000)]
  0x000001b391432b20 JavaThread "pool-2-thread-1" [_thread_blocked, id=18616, stack(0x0000000860000000,0x0000000860100000)]
  0x000001b3914316e0 JavaThread "Worker-2" [_thread_blocked, id=12036, stack(0x0000000860100000,0x0000000860200000)]
  0x000001b391433540 JavaThread "WorkspaceEventsHandler" [_thread_blocked, id=14560, stack(0x0000000860200000,0x0000000860300000)]
  0x000001b391431bf0 JavaThread "pool-1-thread-1" [_thread_in_native, id=10304, stack(0x0000000860300000,0x0000000860400000)]
  0x000001b3919fd6b0 JavaThread "Worker-3" [_thread_blocked, id=20016, stack(0x0000000860400000,0x0000000860500000)]
  0x000001b3919f8fd0 JavaThread "Worker-4" [_thread_blocked, id=20416, stack(0x000000085fa00000,0x000000085fb00000)]
  0x000001b3919fae30 JavaThread "Worker-5" [_thread_blocked, id=660, stack(0x0000000860500000,0x0000000860600000)]
  0x000001b3919fc270 JavaThread "ForkJoinPool.commonPool-worker-1" daemon [_thread_blocked, id=13084, stack(0x0000000860600000,0x0000000860700000)]
  0x000001b3919fdbc0 JavaThread "ForkJoinPool.commonPool-worker-2" daemon [_thread_blocked, id=10828, stack(0x0000000860700000,0x0000000860800000)]
  0x000001b3919fe0d0 JavaThread "ForkJoinPool.commonPool-worker-3" daemon [_thread_blocked, id=2200, stack(0x0000000860800000,0x0000000860900000)]
  0x000001b3919fc780 JavaThread "ForkJoinPool.commonPool-worker-4" daemon [_thread_blocked, id=16356, stack(0x0000000860900000,0x0000000860a00000)]
  0x000001b3919f99f0 JavaThread "ForkJoinPool.commonPool-worker-5" daemon [_thread_blocked, id=17540, stack(0x0000000860a00000,0x0000000860b00000)]
  0x000001b3919fb850 JavaThread "Worker-6" [_thread_blocked, id=16392, stack(0x0000000860c00000,0x0000000860d00000)]
  0x000001b391098ab0 JavaThread "C2 CompilerThread1" daemon [_thread_blocked, id=1516, stack(0x000000085fe00000,0x000000085ff00000)]

Other Threads:
  0x000001b330a15df0 VMThread "VM Thread" [stack: 0x000000085e200000,0x000000085e300000] [id=14088]
  0x000001b3901eb1e0 WatcherThread [stack: 0x000000085ee00000,0x000000085ef00000] [id=11248]
  0x000001b3309772a0 GCTaskThread "GC Thread#0" [stack: 0x000000085e100000,0x000000085e200000] [id=15752]
  0x000001b390806020 GCTaskThread "GC Thread#1" [stack: 0x000000085f000000,0x000000085f100000] [id=3044]
  0x000001b3908062e0 GCTaskThread "GC Thread#2" [stack: 0x000000085f100000,0x000000085f200000] [id=15216]
  0x000001b3908065a0 GCTaskThread "GC Thread#3" [stack: 0x000000085f200000,0x000000085f300000] [id=19120]
  0x000001b390806860 GCTaskThread "GC Thread#4" [stack: 0x000000085f300000,0x000000085f400000] [id=13892]
  0x000001b39061ea90 GCTaskThread "GC Thread#5" [stack: 0x000000085f400000,0x000000085f500000] [id=16200]

Threads with active compile tasks:
C2 CompilerThread0    25876 9690       4       org.eclipse.jdt.internal.compiler.parser.Parser::consumeRule (7878 bytes)

VM state: not at safepoint (normal execution)

VM Mutex/Monitor currently owned by a thread: None

Heap address: 0x00000000c0000000, size: 1024 MB, Compressed Oops mode: 32-bit

CDS archive(s) mapped at: [0x000001b34a000000-0x000001b34aba0000-0x000001b34aba0000), size 12189696, SharedBaseAddress: 0x000001b34a000000, ArchiveRelocationMode: 1.
Compressed class space mapped at: 0x000001b34b000000-0x000001b38b000000, reserved size: 1073741824
Narrow klass base: 0x000001b34a000000, Narrow klass shift: 0, Narrow klass range: 0x100000000

GC Precious Log:
 CPUs: 6 total, 6 available
 Memory: 7541M
 Large Page Support: Disabled
 NUMA Support: Disabled
 Compressed Oops: Enabled (32-bit)
 Alignments: Space 512K, Generation 512K, Heap 2M
 Heap Min Capacity: 100M
 Heap Initial Capacity: 100M
 Heap Max Capacity: 1G
 Pre-touch: Disabled
 Parallel Workers: 6

Heap:
 PSYoungGen      total 14336K, used 10896K [0x00000000eab00000, 0x00000000ec280000, 0x0000000100000000)
  eden space 7168K, 53% used [0x00000000eab00000,0x00000000eaec0d98,0x00000000eb200000)
  from space 7168K, 98% used [0x00000000ebb80000,0x00000000ec2635c0,0x00000000ec280000)
  to   space 8192K, 0% used [0x00000000eb280000,0x00000000eb280000,0x00000000eba80000)
 ParOldGen       total 490496K, used 370281K [0x00000000c0000000, 0x00000000ddf00000, 0x00000000eab00000)
  object space 490496K, 75% used [0x00000000c0000000,0x00000000d699a748,0x00000000ddf00000)
 Metaspace       used 61913K, committed 63040K, reserved 1114112K
  class space    used 6448K, committed 6976K, reserved 1048576K

Card table byte_map: [0x000001b330320000,0x000001b330530000] _byte_map_base: 0x000001b32fd20000

Marking Bits: (ParMarkBitMap*) 0x00007ffbf729d0b0
 Begin Bits: [0x000001b347480000, 0x000001b348480000)
 End Bits:   [0x000001b348480000, 0x000001b349480000)

Polling page: 0x000001b32e960000

Metaspace:

Usage:
  Non-class:     54.16 MB used.
      Class:      6.30 MB used.
       Both:     60.46 MB used.

Virtual space:
  Non-class space:       64.00 MB reserved,      54.75 MB ( 86%) committed,  1 nodes.
      Class space:        1.00 GB reserved,       6.81 MB ( <1%) committed,  1 nodes.
             Both:        1.06 GB reserved,      61.56 MB (  6%) committed. 

Chunk freelists:
   Non-Class:  8.39 MB
       Class:  9.16 MB
        Both:  17.55 MB

MaxMetaspaceSize: unlimited
CompressedClassSpaceSize: 1.00 GB
Initial GC threshold: 21.00 MB
Current GC threshold: 100.94 MB
CDS: on
MetaspaceReclaimPolicy: balanced
 - commit_granule_bytes: 65536.
 - commit_granule_words: 8192.
 - virtual_space_node_default_size: 8388608.
 - enlarge_chunks_in_place: 1.
 - new_chunks_are_fully_committed: 0.
 - uncommit_free_chunks: 1.
 - use_allocation_guard: 0.
 - handle_deallocations: 1.


Internal statistics:

num_allocs_failed_limit: 6.
num_arena_births: 646.
num_arena_deaths: 22.
num_vsnodes_births: 2.
num_vsnodes_deaths: 0.
num_space_committed: 985.
num_space_uncommitted: 0.
num_chunks_returned_to_freelist: 29.
num_chunks_taken_from_freelist: 3375.
num_chunk_merges: 10.
num_chunk_splits: 2144.
num_chunks_enlarged: 1348.
num_inconsistent_stats: 0.

CodeHeap 'non-profiled nmethods': size=120000Kb used=6140Kb max_used=6140Kb free=113859Kb
 bounds [0x000001b33ff50000, 0x000001b340550000, 0x000001b347480000]
CodeHeap 'profiled nmethods': size=120000Kb used=16493Kb max_used=16493Kb free=103507Kb
 bounds [0x000001b338480000, 0x000001b3394a0000, 0x000001b33f9b0000]
CodeHeap 'non-nmethods': size=5760Kb used=1365Kb max_used=1427Kb free=4394Kb
 bounds [0x000001b33f9b0000, 0x000001b33fc20000, 0x000001b33ff50000]
 total_blobs=8637 nmethods=7927 adapters=623
 compilation: enabled
              stopped_count=0, restarted_count=0
 full_count=0

Compilation events (20 events):
Event: 25.842 Thread 0x000001b34967b8d0 nmethod 9723 0x000001b3392a1790 code [0x000001b3392a1c00, 0x000001b3392a4178]
Event: 25.842 Thread 0x000001b34967b8d0 9724       3       org.eclipse.jdt.internal.compiler.ast.TypeReference::resolveType (8 bytes)
Event: 25.842 Thread 0x000001b34967b8d0 nmethod 9724 0x000001b3392a1390 code [0x000001b3392a1540, 0x000001b3392a1708]
Event: 25.842 Thread 0x000001b34967b8d0 9725       3       org.eclipse.jdt.internal.compiler.ast.TypeReference::resolveType (7 bytes)
Event: 25.842 Thread 0x000001b34967b8d0 nmethod 9725 0x000001b3392a0f10 code [0x000001b3392a10c0, 0x000001b3392a1288]
Event: 25.842 Thread 0x000001b34967b8d0 9726       3       org.eclipse.jdt.internal.compiler.lookup.MethodBinding::isPrivate (13 bytes)
Event: 25.842 Thread 0x000001b34967b8d0 nmethod 9726 0x000001b3392a0b90 code [0x000001b3392a0d20, 0x000001b3392a0e98]
Event: 25.842 Thread 0x000001b34967b8d0 9737       1       org.eclipse.jdt.internal.compiler.classfmt.ClassFileReader::getPermittedSubtypeNames (5 bytes)
Event: 25.842 Thread 0x000001b34967b8d0 nmethod 9737 0x000001b340549890 code [0x000001b340549a20, 0x000001b340549af8]
Event: 25.842 Thread 0x000001b34967b8d0 9732       1       org.eclipse.jdt.internal.compiler.env.NameEnvironmentAnswer::getBinaryType (5 bytes)
Event: 25.842 Thread 0x000001b34967b8d0 nmethod 9732 0x000001b340549b90 code [0x000001b340549d20, 0x000001b340549df8]
Event: 25.842 Thread 0x000001b34967b8d0 9733       1       org.eclipse.jdt.internal.compiler.env.NameEnvironmentAnswer::getAccessRestriction (5 bytes)
Event: 25.842 Thread 0x000001b34967b8d0 nmethod 9733 0x000001b340549e90 code [0x000001b34054a020, 0x000001b34054a0f8]
Event: 25.842 Thread 0x000001b34967b8d0 9734       1       org.eclipse.jdt.internal.compiler.classfmt.ClassFileReader::getURI (5 bytes)
Event: 25.842 Thread 0x000001b34967b8d0 nmethod 9734 0x000001b34054a190 code [0x000001b34054a320, 0x000001b34054a3f8]
Event: 25.842 Thread 0x000001b34967b8d0 9735       1       org.eclipse.jdt.internal.compiler.classfmt.ClassFileReader::getTypeAnnotations (5 bytes)
Event: 25.842 Thread 0x000001b34967b8d0 nmethod 9735 0x000001b34054a490 code [0x000001b34054a620, 0x000001b34054a6f8]
Event: 25.842 Thread 0x000001b34967b8d0 9736       1       org.eclipse.jdt.internal.compiler.classfmt.ClassFileReader::getMissingTypeNames (5 bytes)
Event: 25.842 Thread 0x000001b34967b8d0 nmethod 9736 0x000001b34054a790 code [0x000001b34054a920, 0x000001b34054a9f8]
Event: 25.846 Thread 0x000001b34967b8d0 9744       3       org.eclipse.core.internal.resources.Marker::getAttribute (41 bytes)

GC Heap History (20 events):
Event: 24.087 GC heap before
{Heap before GC invocations=237 (full 15):
 PSYoungGen      total 6656K, used 6477K [0x00000000eab00000, 0x00000000eb680000, 0x0000000100000000)
  eden space 3584K, 100% used [0x00000000eab00000,0x00000000eae80000,0x00000000eae80000)
  from space 3072K, 94% used [0x00000000eb200000,0x00000000eb4d3670,0x00000000eb500000)
  to   space 3584K, 0% used [0x00000000eae80000,0x00000000eae80000,0x00000000eb200000)
 ParOldGen       total 490496K, used 352786K [0x00000000c0000000, 0x00000000ddf00000, 0x00000000eab00000)
  object space 490496K, 71% used [0x00000000c0000000,0x00000000d5884bc8,0x00000000ddf00000)
 Metaspace       used 61164K, committed 62272K, reserved 1114112K
  class space    used 6404K, committed 6912K, reserved 1048576K
}
Event: 24.092 GC heap after
{Heap after GC invocations=237 (full 15):
 PSYoungGen      total 7168K, used 3579K [0x00000000eab00000, 0x00000000eb700000, 0x0000000100000000)
  eden space 3584K, 0% used [0x00000000eab00000,0x00000000eab00000,0x00000000eae80000)
  from space 3584K, 99% used [0x00000000eae80000,0x00000000eb1fef20,0x00000000eb200000)
  to   space 4096K, 0% used [0x00000000eb300000,0x00000000eb300000,0x00000000eb700000)
 ParOldGen       total 490496K, used 352817K [0x00000000c0000000, 0x00000000ddf00000, 0x00000000eab00000)
  object space 490496K, 71% used [0x00000000c0000000,0x00000000d588c670,0x00000000ddf00000)
 Metaspace       used 61164K, committed 62272K, reserved 1114112K
  class space    used 6404K, committed 6912K, reserved 1048576K
}
Event: 24.185 GC heap before
{Heap before GC invocations=238 (full 15):
 PSYoungGen      total 7168K, used 7163K [0x00000000eab00000, 0x00000000eb700000, 0x0000000100000000)
  eden space 3584K, 100% used [0x00000000eab00000,0x00000000eae80000,0x00000000eae80000)
  from space 3584K, 99% used [0x00000000eae80000,0x00000000eb1fef20,0x00000000eb200000)
  to   space 4096K, 0% used [0x00000000eb300000,0x00000000eb300000,0x00000000eb700000)
 ParOldGen       total 490496K, used 352817K [0x00000000c0000000, 0x00000000ddf00000, 0x00000000eab00000)
  object space 490496K, 71% used [0x00000000c0000000,0x00000000d588c670,0x00000000ddf00000)
 Metaspace       used 61514K, committed 62592K, reserved 1114112K
  class space    used 6430K, committed 6912K, reserved 1048576K
}
Event: 24.189 GC heap after
{Heap after GC invocations=238 (full 15):
 PSYoungGen      total 8192K, used 3843K [0x00000000eab00000, 0x00000000eb700000, 0x0000000100000000)
  eden space 4096K, 0% used [0x00000000eab00000,0x00000000eab00000,0x00000000eaf00000)
  from space 4096K, 93% used [0x00000000eb300000,0x00000000eb6c0f70,0x00000000eb700000)
  to   space 4096K, 0% used [0x00000000eaf00000,0x00000000eaf00000,0x00000000eb300000)
 ParOldGen       total 490496K, used 352817K [0x00000000c0000000, 0x00000000ddf00000, 0x00000000eab00000)
  object space 490496K, 71% used [0x00000000c0000000,0x00000000d588c670,0x00000000ddf00000)
 Metaspace       used 61514K, committed 62592K, reserved 1114112K
  class space    used 6430K, committed 6912K, reserved 1048576K
}
Event: 24.338 GC heap before
{Heap before GC invocations=239 (full 15):
 PSYoungGen      total 8192K, used 7921K [0x00000000eab00000, 0x00000000eb700000, 0x0000000100000000)
  eden space 4096K, 99% used [0x00000000eab00000,0x00000000eaefb550,0x00000000eaf00000)
  from space 4096K, 93% used [0x00000000eb300000,0x00000000eb6c0f70,0x00000000eb700000)
  to   space 4096K, 0% used [0x00000000eaf00000,0x00000000eaf00000,0x00000000eb300000)
 ParOldGen       total 490496K, used 352817K [0x00000000c0000000, 0x00000000ddf00000, 0x00000000eab00000)
  object space 490496K, 71% used [0x00000000c0000000,0x00000000d588c670,0x00000000ddf00000)
 Metaspace       used 61528K, committed 62656K, reserved 1114112K
  class space    used 6431K, committed 6912K, reserved 1048576K
}
Event: 24.346 GC heap after
{Heap after GC invocations=239 (full 15):
 PSYoungGen      total 8192K, used 4079K [0x00000000eab00000, 0x00000000ebb80000, 0x0000000100000000)
  eden space 4096K, 0% used [0x00000000eab00000,0x00000000eab00000,0x00000000eaf00000)
  from space 4096K, 99% used [0x00000000eaf00000,0x00000000eb2fbfa0,0x00000000eb300000)
  to   space 6144K, 0% used [0x00000000eb580000,0x00000000eb580000,0x00000000ebb80000)
 ParOldGen       total 490496K, used 354374K [0x00000000c0000000, 0x00000000ddf00000, 0x00000000eab00000)
  object space 490496K, 72% used [0x00000000c0000000,0x00000000d5a11bc0,0x00000000ddf00000)
 Metaspace       used 61528K, committed 62656K, reserved 1114112K
  class space    used 6431K, committed 6912K, reserved 1048576K
}
Event: 25.090 GC heap before
{Heap before GC invocations=240 (full 15):
 PSYoungGen      total 8192K, used 8175K [0x00000000eab00000, 0x00000000ebb80000, 0x0000000100000000)
  eden space 4096K, 100% used [0x00000000eab00000,0x00000000eaf00000,0x00000000eaf00000)
  from space 4096K, 99% used [0x00000000eaf00000,0x00000000eb2fbfa0,0x00000000eb300000)
  to   space 6144K, 0% used [0x00000000eb580000,0x00000000eb580000,0x00000000ebb80000)
 ParOldGen       total 490496K, used 354374K [0x00000000c0000000, 0x00000000ddf00000, 0x00000000eab00000)
  object space 490496K, 72% used [0x00000000c0000000,0x00000000d5a11bc0,0x00000000ddf00000)
 Metaspace       used 61534K, committed 62656K, reserved 1114112K
  class space    used 6431K, committed 6912K, reserved 1048576K
}
Event: 25.095 GC heap after
{Heap after GC invocations=240 (full 15):
 PSYoungGen      total 8192K, used 3232K [0x00000000eab00000, 0x00000000eb900000, 0x0000000100000000)
  eden space 4608K, 0% used [0x00000000eab00000,0x00000000eab00000,0x00000000eaf80000)
  from space 3584K, 90% used [0x00000000eb580000,0x00000000eb8a8000,0x00000000eb900000)
  to   space 4608K, 0% used [0x00000000eb000000,0x00000000eb000000,0x00000000eb480000)
 ParOldGen       total 490496K, used 357235K [0x00000000c0000000, 0x00000000ddf00000, 0x00000000eab00000)
  object space 490496K, 72% used [0x00000000c0000000,0x00000000d5cdcdb0,0x00000000ddf00000)
 Metaspace       used 61534K, committed 62656K, reserved 1114112K
  class space    used 6431K, committed 6912K, reserved 1048576K
}
Event: 25.273 GC heap before
{Heap before GC invocations=241 (full 15):
 PSYoungGen      total 8192K, used 7840K [0x00000000eab00000, 0x00000000eb900000, 0x0000000100000000)
  eden space 4608K, 100% used [0x00000000eab00000,0x00000000eaf80000,0x00000000eaf80000)
  from space 3584K, 90% used [0x00000000eb580000,0x00000000eb8a8000,0x00000000eb900000)
  to   space 4608K, 0% used [0x00000000eb000000,0x00000000eb000000,0x00000000eb480000)
 ParOldGen       total 490496K, used 357235K [0x00000000c0000000, 0x00000000ddf00000, 0x00000000eab00000)
  object space 490496K, 72% used [0x00000000c0000000,0x00000000d5cdcdb0,0x00000000ddf00000)
 Metaspace       used 61565K, committed 62720K, reserved 1114112K
  class space    used 6435K, committed 6976K, reserved 1048576K
}
Event: 25.280 GC heap after
{Heap after GC invocations=241 (full 15):
 PSYoungGen      total 9728K, used 4607K [0x00000000eab00000, 0x00000000ebc00000, 0x0000000100000000)
  eden space 5120K, 0% used [0x00000000eab00000,0x00000000eab00000,0x00000000eb000000)
  from space 4608K, 99% used [0x00000000eb000000,0x00000000eb47fdb0,0x00000000eb480000)
  to   space 6144K, 0% used [0x00000000eb600000,0x00000000eb600000,0x00000000ebc00000)
 ParOldGen       total 490496K, used 358303K [0x00000000c0000000, 0x00000000ddf00000, 0x00000000eab00000)
  object space 490496K, 73% used [0x00000000c0000000,0x00000000d5de7dc0,0x00000000ddf00000)
 Metaspace       used 61565K, committed 62720K, reserved 1114112K
  class space    used 6435K, committed 6976K, reserved 1048576K
}
Event: 25.290 GC heap before
{Heap before GC invocations=242 (full 15):
 PSYoungGen      total 9728K, used 9727K [0x00000000eab00000, 0x00000000ebc00000, 0x0000000100000000)
  eden space 5120K, 100% used [0x00000000eab00000,0x00000000eb000000,0x00000000eb000000)
  from space 4608K, 99% used [0x00000000eb000000,0x00000000eb47fdb0,0x00000000eb480000)
  to   space 6144K, 0% used [0x00000000eb600000,0x00000000eb600000,0x00000000ebc00000)
 ParOldGen       total 490496K, used 358303K [0x00000000c0000000, 0x00000000ddf00000, 0x00000000eab00000)
  object space 490496K, 73% used [0x00000000c0000000,0x00000000d5de7dc0,0x00000000ddf00000)
 Metaspace       used 61566K, committed 62720K, reserved 1114112K
  class space    used 6435K, committed 6976K, reserved 1048576K
}
Event: 25.298 GC heap after
{Heap after GC invocations=242 (full 15):
 PSYoungGen      total 11264K, used 5233K [0x00000000eab00000, 0x00000000ebb80000, 0x0000000100000000)
  eden space 5632K, 0% used [0x00000000eab00000,0x00000000eab00000,0x00000000eb080000)
  from space 5632K, 92% used [0x00000000eb600000,0x00000000ebb1c618,0x00000000ebb80000)
  to   space 5632K, 0% used [0x00000000eb080000,0x00000000eb080000,0x00000000eb600000)
 ParOldGen       total 490496K, used 359455K [0x00000000c0000000, 0x00000000ddf00000, 0x00000000eab00000)
  object space 490496K, 73% used [0x00000000c0000000,0x00000000d5f07dc0,0x00000000ddf00000)
 Metaspace       used 61566K, committed 62720K, reserved 1114112K
  class space    used 6435K, committed 6976K, reserved 1048576K
}
Event: 25.314 GC heap before
{Heap before GC invocations=243 (full 15):
 PSYoungGen      total 11264K, used 10865K [0x00000000eab00000, 0x00000000ebb80000, 0x0000000100000000)
  eden space 5632K, 100% used [0x00000000eab00000,0x00000000eb080000,0x00000000eb080000)
  from space 5632K, 92% used [0x00000000eb600000,0x00000000ebb1c618,0x00000000ebb80000)
  to   space 5632K, 0% used [0x00000000eb080000,0x00000000eb080000,0x00000000eb600000)
 ParOldGen       total 490496K, used 359455K [0x00000000c0000000, 0x00000000ddf00000, 0x00000000eab00000)
  object space 490496K, 73% used [0x00000000c0000000,0x00000000d5f07dc0,0x00000000ddf00000)
 Metaspace       used 61571K, committed 62720K, reserved 1114112K
  class space    used 6436K, committed 6976K, reserved 1048576K
}
Event: 25.319 GC heap after
{Heap after GC invocations=243 (full 15):
 PSYoungGen      total 11264K, used 5609K [0x00000000eab00000, 0x00000000ec500000, 0x0000000100000000)
  eden space 5632K, 0% used [0x00000000eab00000,0x00000000eab00000,0x00000000eb080000)
  from space 5632K, 99% used [0x00000000eb080000,0x00000000eb5fa6a0,0x00000000eb600000)
  to   space 10240K, 0% used [0x00000000ebb00000,0x00000000ebb00000,0x00000000ec500000)
 ParOldGen       total 490496K, used 363150K [0x00000000c0000000, 0x00000000ddf00000, 0x00000000eab00000)
  object space 490496K, 74% used [0x00000000c0000000,0x00000000d62a3aa0,0x00000000ddf00000)
 Metaspace       used 61571K, committed 62720K, reserved 1114112K
  class space    used 6436K, committed 6976K, reserved 1048576K
}
Event: 25.340 GC heap before
{Heap before GC invocations=244 (full 15):
 PSYoungGen      total 11264K, used 11241K [0x00000000eab00000, 0x00000000ec500000, 0x0000000100000000)
  eden space 5632K, 100% used [0x00000000eab00000,0x00000000eb080000,0x00000000eb080000)
  from space 5632K, 99% used [0x00000000eb080000,0x00000000eb5fa6a0,0x00000000eb600000)
  to   space 10240K, 0% used [0x00000000ebb00000,0x00000000ebb00000,0x00000000ec500000)
 ParOldGen       total 490496K, used 363150K [0x00000000c0000000, 0x00000000ddf00000, 0x00000000eab00000)
  object space 490496K, 74% used [0x00000000c0000000,0x00000000d62a3aa0,0x00000000ddf00000)
 Metaspace       used 61577K, committed 62720K, reserved 1114112K
  class space    used 6436K, committed 6976K, reserved 1048576K
}
Event: 25.349 GC heap after
{Heap after GC invocations=244 (full 15):
 PSYoungGen      total 13824K, used 7430K [0x00000000eab00000, 0x00000000ec280000, 0x0000000100000000)
  eden space 6144K, 0% used [0x00000000eab00000,0x00000000eab00000,0x00000000eb100000)
  from space 7680K, 96% used [0x00000000ebb00000,0x00000000ec241b58,0x00000000ec280000)
  to   space 8192K, 0% used [0x00000000eb280000,0x00000000eb280000,0x00000000eba80000)
 ParOldGen       total 490496K, used 366494K [0x00000000c0000000, 0x00000000ddf00000, 0x00000000eab00000)
  object space 490496K, 74% used [0x00000000c0000000,0x00000000d65e7aa0,0x00000000ddf00000)
 Metaspace       used 61577K, committed 62720K, reserved 1114112K
  class space    used 6436K, committed 6976K, reserved 1048576K
}
Event: 25.382 GC heap before
{Heap before GC invocations=245 (full 15):
 PSYoungGen      total 13824K, used 13514K [0x00000000eab00000, 0x00000000ec280000, 0x0000000100000000)
  eden space 6144K, 99% used [0x00000000eab00000,0x00000000eb0f0f60,0x00000000eb100000)
  from space 7680K, 96% used [0x00000000ebb00000,0x00000000ec241b58,0x00000000ec280000)
  to   space 8192K, 0% used [0x00000000eb280000,0x00000000eb280000,0x00000000eba80000)
 ParOldGen       total 490496K, used 366494K [0x00000000c0000000, 0x00000000ddf00000, 0x00000000eab00000)
  object space 490496K, 74% used [0x00000000c0000000,0x00000000d65e7aa0,0x00000000ddf00000)
 Metaspace       used 61606K, committed 62720K, reserved 1114112K
  class space    used 6437K, committed 6976K, reserved 1048576K
}
Event: 25.390 GC heap after
{Heap after GC invocations=245 (full 15):
 PSYoungGen      total 14848K, used 8167K [0x00000000eab00000, 0x00000000ec580000, 0x0000000100000000)
  eden space 6656K, 0% used [0x00000000eab00000,0x00000000eab00000,0x00000000eb180000)
  from space 8192K, 99% used [0x00000000eb280000,0x00000000eba79ef8,0x00000000eba80000)
  to   space 10240K, 0% used [0x00000000ebb80000,0x00000000ebb80000,0x00000000ec580000)
 ParOldGen       total 490496K, used 368059K [0x00000000c0000000, 0x00000000ddf00000, 0x00000000eab00000)
  object space 490496K, 75% used [0x00000000c0000000,0x00000000d676eeb8,0x00000000ddf00000)
 Metaspace       used 61606K, committed 62720K, reserved 1114112K
  class space    used 6437K, committed 6976K, reserved 1048576K
}
Event: 25.743 GC heap before
{Heap before GC invocations=246 (full 15):
 PSYoungGen      total 14848K, used 14800K [0x00000000eab00000, 0x00000000ec580000, 0x0000000100000000)
  eden space 6656K, 99% used [0x00000000eab00000,0x00000000eb17a2e8,0x00000000eb180000)
  from space 8192K, 99% used [0x00000000eb280000,0x00000000eba79ef8,0x00000000eba80000)
  to   space 10240K, 0% used [0x00000000ebb80000,0x00000000ebb80000,0x00000000ec580000)
 ParOldGen       total 490496K, used 368059K [0x00000000c0000000, 0x00000000ddf00000, 0x00000000eab00000)
  object space 490496K, 75% used [0x00000000c0000000,0x00000000d676eeb8,0x00000000ddf00000)
 Metaspace       used 61735K, committed 62912K, reserved 1114112K
  class space    used 6443K, committed 6976K, reserved 1048576K
}
Event: 25.748 GC heap after
{Heap after GC invocations=246 (full 15):
 PSYoungGen      total 14336K, used 7053K [0x00000000eab00000, 0x00000000ec280000, 0x0000000100000000)
  eden space 7168K, 0% used [0x00000000eab00000,0x00000000eab00000,0x00000000eb200000)
  from space 7168K, 98% used [0x00000000ebb80000,0x00000000ec2635c0,0x00000000ec280000)
  to   space 8192K, 0% used [0x00000000eb280000,0x00000000eb280000,0x00000000eba80000)
 ParOldGen       total 490496K, used 370281K [0x00000000c0000000, 0x00000000ddf00000, 0x00000000eab00000)
  object space 490496K, 75% used [0x00000000c0000000,0x00000000d699a748,0x00000000ddf00000)
 Metaspace       used 61735K, committed 62912K, reserved 1114112K
  class space    used 6443K, committed 6976K, reserved 1048576K
}

Dll operation events (13 events):
Event: 0.024 Loaded shared library c:\Users\olehi\AppData\Roaming\Code\User\globalStorage\pleiades.java-extension-pack-jdk\java\17\bin\java.dll
Event: 0.049 Loaded shared library c:\Users\olehi\AppData\Roaming\Code\User\globalStorage\pleiades.java-extension-pack-jdk\java\17\bin\jsvml.dll
Event: 0.220 Loaded shared library c:\Users\olehi\AppData\Roaming\Code\User\globalStorage\pleiades.java-extension-pack-jdk\java\17\bin\zip.dll
Event: 0.249 Loaded shared library C:\Users\olehi\AppData\Roaming\Code\User\globalStorage\pleiades.java-extension-pack-jdk\java\17\bin\instrument.dll
Event: 0.257 Loaded shared library C:\Users\olehi\AppData\Roaming\Code\User\globalStorage\pleiades.java-extension-pack-jdk\java\17\bin\net.dll
Event: 0.271 Loaded shared library C:\Users\olehi\AppData\Roaming\Code\User\globalStorage\pleiades.java-extension-pack-jdk\java\17\bin\nio.dll
Event: 0.277 Loaded shared library C:\Users\olehi\AppData\Roaming\Code\User\globalStorage\pleiades.java-extension-pack-jdk\java\17\bin\zip.dll
Event: 0.319 Loaded shared library C:\Users\olehi\AppData\Roaming\Code\User\globalStorage\pleiades.java-extension-pack-jdk\java\17\bin\jimage.dll
Event: 0.554 Loaded shared library c:\Users\olehi\AppData\Roaming\Code\User\globalStorage\pleiades.java-extension-pack-jdk\java\17\bin\verify.dll
Event: 2.126 Loaded shared library C:\Users\olehi\AppData\Roaming\Code\User\globalStorage\redhat.java\1.25.0\config_win\org.eclipse.equinox.launcher\org.eclipse.equinox.launcher.win32.win32.x86_64_1.2.800.v20231003-1442\eclipse_11802.dll
Event: 3.209 Loaded shared library C:\Users\olehi\AppData\Roaming\Code\User\globalStorage\pleiades.java-extension-pack-jdk\java\17\bin\management.dll
Event: 3.213 Loaded shared library C:\Users\olehi\AppData\Roaming\Code\User\globalStorage\pleiades.java-extension-pack-jdk\java\17\bin\management_ext.dll
Event: 4.421 Loaded shared library C:\Users\olehi\AppData\Local\Temp\jna-105828649\jna2756110084535049625.dll

Deoptimization events (20 events):
Event: 25.787 Thread 0x000001b391433a50 Uncommon trap: trap_request=0xffffffc6 fr.pc=0x000001b340528ea8 relative=0x00000000000003c8
Event: 25.787 Thread 0x000001b391433a50 Uncommon trap: reason=bimorphic_or_optimized_type_check action=maybe_recompile pc=0x000001b340528ea8 method=org.eclipse.jdt.internal.compiler.parser.Parser.consumeRule(I)V @ 4314 c2
Event: 25.787 Thread 0x000001b391433a50 DEOPT PACKING pc=0x000001b340528ea8 sp=0x000000085fcfe0c0
Event: 25.787 Thread 0x000001b391433a50 DEOPT UNPACKING pc=0x000001b33fa066a3 sp=0x000000085fcfe050 mode 2
Event: 25.788 Thread 0x000001b391433a50 Uncommon trap: trap_request=0xffffffc6 fr.pc=0x000001b340528de8 relative=0x0000000000000308
Event: 25.788 Thread 0x000001b391433a50 Uncommon trap: reason=bimorphic_or_optimized_type_check action=maybe_recompile pc=0x000001b340528de8 method=org.eclipse.jdt.internal.compiler.parser.Parser.consumeRule(I)V @ 4293 c2
Event: 25.788 Thread 0x000001b391433a50 DEOPT PACKING pc=0x000001b340528de8 sp=0x000000085fcfe0c0
Event: 25.788 Thread 0x000001b391433a50 DEOPT UNPACKING pc=0x000001b33fa066a3 sp=0x000000085fcfe050 mode 2
Event: 25.788 Thread 0x000001b391433a50 Uncommon trap: trap_request=0xffffffc6 fr.pc=0x000001b340528e28 relative=0x0000000000000348
Event: 25.788 Thread 0x000001b391433a50 Uncommon trap: reason=bimorphic_or_optimized_type_check action=maybe_recompile pc=0x000001b340528e28 method=org.eclipse.jdt.internal.compiler.parser.Parser.consumeRule(I)V @ 4443 c2
Event: 25.788 Thread 0x000001b391433a50 DEOPT PACKING pc=0x000001b340528e28 sp=0x000000085fcfe0c0
Event: 25.788 Thread 0x000001b391433a50 DEOPT UNPACKING pc=0x000001b33fa066a3 sp=0x000000085fcfe050 mode 2
Event: 25.788 Thread 0x000001b391433a50 Uncommon trap: trap_request=0xffffffc6 fr.pc=0x000001b340528f6c relative=0x000000000000048c
Event: 25.788 Thread 0x000001b391433a50 Uncommon trap: reason=bimorphic_or_optimized_type_check action=maybe_recompile pc=0x000001b340528f6c method=org.eclipse.jdt.internal.compiler.parser.Parser.consumeRule(I)V @ 4321 c2
Event: 25.788 Thread 0x000001b391433a50 DEOPT PACKING pc=0x000001b340528f6c sp=0x000000085fcfe0c0
Event: 25.788 Thread 0x000001b391433a50 DEOPT UNPACKING pc=0x000001b33fa066a3 sp=0x000000085fcfe050 mode 2
Event: 25.788 Thread 0x000001b391433a50 Uncommon trap: trap_request=0xffffffc6 fr.pc=0x000001b340528de8 relative=0x0000000000000308
Event: 25.788 Thread 0x000001b391433a50 Uncommon trap: reason=bimorphic_or_optimized_type_check action=maybe_recompile pc=0x000001b340528de8 method=org.eclipse.jdt.internal.compiler.parser.Parser.consumeRule(I)V @ 4293 c2
Event: 25.788 Thread 0x000001b391433a50 DEOPT PACKING pc=0x000001b340528de8 sp=0x000000085fcfe0c0
Event: 25.788 Thread 0x000001b391433a50 DEOPT UNPACKING pc=0x000001b33fa066a3 sp=0x000000085fcfe050 mode 2

Classes unloaded (11 events):
Event: 3.839 Thread 0x000001b330a15df0 Unloading class 0x000001b34b181000 'java/lang/invoke/LambdaForm$MH+0x000001b34b181000'
Event: 3.839 Thread 0x000001b330a15df0 Unloading class 0x000001b34b180c00 'java/lang/invoke/LambdaForm$MH+0x000001b34b180c00'
Event: 3.839 Thread 0x000001b330a15df0 Unloading class 0x000001b34b180800 'java/lang/invoke/LambdaForm$MH+0x000001b34b180800'
Event: 3.839 Thread 0x000001b330a15df0 Unloading class 0x000001b34b180400 'java/lang/invoke/LambdaForm$MH+0x000001b34b180400'
Event: 3.839 Thread 0x000001b330a15df0 Unloading class 0x000001b34b180000 'java/lang/invoke/LambdaForm$BMH+0x000001b34b180000'
Event: 3.839 Thread 0x000001b330a15df0 Unloading class 0x000001b34b17bc00 'java/lang/invoke/LambdaForm$DMH+0x000001b34b17bc00'
Event: 3.839 Thread 0x000001b330a15df0 Unloading class 0x000001b34b179000 'java/lang/invoke/LambdaForm$DMH+0x000001b34b179000'
Event: 14.893 Thread 0x000001b330a15df0 Unloading class 0x000001b34b644400 'java/lang/invoke/LambdaForm$DMH+0x000001b34b644400'
Event: 14.893 Thread 0x000001b330a15df0 Unloading class 0x000001b34b554c00 'java/lang/invoke/LambdaForm$DMH+0x000001b34b554c00'
Event: 14.893 Thread 0x000001b330a15df0 Unloading class 0x000001b34b539400 'java/lang/invoke/LambdaForm$DMH+0x000001b34b539400'
Event: 14.893 Thread 0x000001b330a15df0 Unloading class 0x000001b34b4e4000 'java/lang/invoke/LambdaForm$DMH+0x000001b34b4e4000'

Classes redefined (0 events):
No events

Internal exceptions (20 events):
Event: 25.663 Thread 0x000001b391431bf0 Exception <a 'java/lang/NullPointerException'{0x00000000eb0721e0}> (0x00000000eb0721e0) 
thrown [s\src\hotspot\share\interpreter\linkResolver.cpp, line 1350]
Event: 25.664 Thread 0x000001b391431bf0 Exception <a 'java/lang/NullPointerException'{0x00000000eb0955b8}> (0x00000000eb0955b8) 
thrown [s\src\hotspot\share\interpreter\linkResolver.cpp, line 1350]
Event: 25.668 Thread 0x000001b391431bf0 Exception <a 'java/lang/NullPointerException'{0x00000000eb0a8c60}> (0x00000000eb0a8c60) 
thrown [s\src\hotspot\share\interpreter\linkResolver.cpp, line 1350]
Event: 25.670 Thread 0x000001b391431bf0 Exception <a 'java/lang/NullPointerException'{0x00000000eb0e8950}> (0x00000000eb0e8950) 
thrown [s\src\hotspot\share\interpreter\linkResolver.cpp, line 1350]
Event: 25.670 Thread 0x000001b391431bf0 Exception <a 'java/lang/NullPointerException'{0x00000000eb0f5d80}> (0x00000000eb0f5d80) 
thrown [s\src\hotspot\share\interpreter\linkResolver.cpp, line 1350]
Event: 25.670 Thread 0x000001b391431bf0 Exception <a 'java/lang/NullPointerException'{0x00000000eb0f6a68}> (0x00000000eb0f6a68) 
thrown [s\src\hotspot\share\interpreter\linkResolver.cpp, line 1350]
Event: 25.670 Thread 0x000001b391431bf0 Exception <a 'java/lang/NullPointerException'{0x00000000eb0fecd8}> (0x00000000eb0fecd8) 
thrown [s\src\hotspot\share\interpreter\linkResolver.cpp, line 1350]
Event: 25.670 Thread 0x000001b391431bf0 Exception <a 'java/lang/NullPointerException'{0x00000000eb103518}> (0x00000000eb103518) 
thrown [s\src\hotspot\share\interpreter\linkResolver.cpp, line 1350]
Event: 25.788 Thread 0x000001b391433a50 Exception <a 'java/lang/NullPointerException'{0x00000000eac0ec90}> (0x00000000eac0ec90) 
thrown [s\src\hotspot\share\interpreter\linkResolver.cpp, line 1350]
Event: 25.788 Thread 0x000001b391433a50 Exception <a 'java/lang/NullPointerException'{0x00000000eac16e98}> (0x00000000eac16e98) 
thrown [s\src\hotspot\share\interpreter\linkResolver.cpp, line 1350]
Event: 25.788 Thread 0x000001b391433a50 Exception <a 'java/lang/NullPointerException'{0x00000000eac17fe0}> (0x00000000eac17fe0) 
thrown [s\src\hotspot\share\interpreter\linkResolver.cpp, line 1350]
Event: 25.789 Thread 0x000001b391433a50 Exception <a 'java/lang/NullPointerException'{0x00000000eac344c8}> (0x00000000eac344c8) 
thrown [s\src\hotspot\share\interpreter\linkResolver.cpp, line 1350]
Event: 25.789 Thread 0x000001b391433a50 Exception <a 'java/lang/NullPointerException'{0x00000000eac43e00}> (0x00000000eac43e00) 
thrown [s\src\hotspot\share\interpreter\linkResolver.cpp, line 1350]
Event: 25.802 Thread 0x000001b3919fcc90 Exception <a 'java/lang/NullPointerException'{0x00000000ead30418}> (0x00000000ead30418) 
thrown [s\src\hotspot\share\interpreter\linkResolver.cpp, line 1350]
Event: 25.804 Thread 0x000001b3919fcc90 Exception <a 'java/lang/NullPointerException'{0x00000000ead57ad0}> (0x00000000ead57ad0) 
thrown [s\src\hotspot\share\interpreter\linkResolver.cpp, line 1350]
Event: 25.804 Thread 0x000001b3919fcc90 Exception <a 'java/lang/NullPointerException'{0x00000000ead5aad0}> (0x00000000ead5aad0) 
thrown [s\src\hotspot\share\interpreter\linkResolver.cpp, line 1350]
Event: 25.805 Thread 0x000001b3919fcc90 Exception <a 'java/lang/NullPointerException'{0x00000000ead5d170}> (0x00000000ead5d170) 
thrown [s\src\hotspot\share\interpreter\linkResolver.cpp, line 1350]
Event: 25.805 Thread 0x000001b3919fcc90 Exception <a 'java/lang/NullPointerException'{0x00000000ead5d8c8}> (0x00000000ead5d8c8) 
thrown [s\src\hotspot\share\interpreter\linkResolver.cpp, line 1350]
Event: 25.805 Thread 0x000001b3919fcc90 Exception <a 'java/lang/NullPointerException'{0x00000000ead63800}> (0x00000000ead63800) 
thrown [s\src\hotspot\share\interpreter\linkResolver.cpp, line 1350]
Event: 25.805 Thread 0x000001b3919fcc90 Exception <a 'java/lang/NullPointerException'{0x00000000ead66d00}> (0x00000000ead66d00) 
thrown [s\src\hotspot\share\interpreter\linkResolver.cpp, line 1350]

VM Operations (20 events):
Event: 25.090 Executing VM operation: ParallelGCFailedAllocation
Event: 25.095 Executing VM operation: ParallelGCFailedAllocation done
Event: 25.273 Executing VM operation: ParallelGCFailedAllocation
Event: 25.280 Executing VM operation: ParallelGCFailedAllocation done
Event: 25.290 Executing VM operation: ParallelGCFailedAllocation
Event: 25.298 Executing VM operation: ParallelGCFailedAllocation done
Event: 25.314 Executing VM operation: ParallelGCFailedAllocation
Event: 25.319 Executing VM operation: ParallelGCFailedAllocation done
Event: 25.340 Executing VM operation: ParallelGCFailedAllocation
Event: 25.349 Executing VM operation: ParallelGCFailedAllocation done
Event: 25.382 Executing VM operation: ParallelGCFailedAllocation
Event: 25.390 Executing VM operation: ParallelGCFailedAllocation done
Event: 25.436 Executing VM operation: HandshakeAllThreads
Event: 25.437 Executing VM operation: HandshakeAllThreads done
Event: 25.437 Executing VM operation: HandshakeAllThreads
Event: 25.437 Executing VM operation: HandshakeAllThreads done
Event: 25.438 Executing VM operation: HandshakeAllThreads
Event: 25.438 Executing VM operation: HandshakeAllThreads done
Event: 25.743 Executing VM operation: ParallelGCFailedAllocation
Event: 25.748 Executing VM operation: ParallelGCFailedAllocation done

Events (20 events):
Event: 20.979 Thread 0x000001b34967bdf0 flushing nmethod 0x000001b339470d90
Event: 20.979 Thread 0x000001b34967bdf0 flushing nmethod 0x000001b339472090
Event: 20.979 Thread 0x000001b34967bdf0 flushing nmethod 0x000001b33947a510
Event: 20.979 Thread 0x000001b34967bdf0 flushing nmethod 0x000001b33947d590
Event: 20.979 Thread 0x000001b34967bdf0 flushing nmethod 0x000001b339481910
Event: 20.979 Thread 0x000001b34967bdf0 flushing nmethod 0x000001b33948c990
Event: 22.498 Thread 0x000001b391141a10 Thread exited: 0x000001b391141a10
Event: 22.886 Thread 0x000001b391098ab0 Thread added: 0x000001b391098ab0
Event: 23.031 Thread 0x000001b391098ab0 Thread exited: 0x000001b391098ab0
Event: 23.112 Thread 0x000001b391098ab0 Thread added: 0x000001b391098ab0
Event: 24.732 Thread 0x000001b391098ab0 Thread exited: 0x000001b391098ab0
Event: 25.441 Thread 0x000001b34967bdf0 flushing nmethod 0x000001b33861f490
Event: 25.447 Thread 0x000001b391098ab0 Thread added: 0x000001b391098ab0
Event: 25.448 Thread 0x000001b34967bdf0 flushing nmethod 0x000001b33915fa90
Event: 25.448 Thread 0x000001b34967bdf0 flushing nmethod 0x000001b339160110
Event: 25.448 Thread 0x000001b34967bdf0 flushing nmethod 0x000001b339184a90
Event: 25.450 Thread 0x000001b34967bdf0 flushing nmethod 0x000001b33934b910
Event: 25.450 Thread 0x000001b34967bdf0 flushing nmethod 0x000001b33934bd90
Event: 25.796 Thread 0x000001b3919fcc90 Thread added: 0x000001b3919fcc90
Event: 25.843 Thread 0x000001b3919fcc90 Thread exited: 0x000001b3919fcc90


Dynamic libraries:
0x00007ff648710000 - 0x00007ff64871e000 	c:\Users\olehi\AppData\Roaming\Code\User\globalStorage\pleiades.java-extension-pack-jdk\java\17\bin\java.exe
0x00007ffc357c0000 - 0x00007ffc359c9000 	C:\WINDOWS\SYSTEM32\ntdll.dll
0x00007ffc33ba0000 - 0x00007ffc33c5d000 	C:\WINDOWS\System32\KERNEL32.DLL
0x00007ffc32cd0000 - 0x00007ffc33054000 	C:\WINDOWS\System32\KERNELBASE.dll
0x00007ffc334f0000 - 0x00007ffc33601000 	C:\WINDOWS\System32\ucrtbase.dll
0x00007ffc1c200000 - 0x00007ffc1c217000 	c:\Users\olehi\AppData\Roaming\Code\User\globalStorage\pleiades.java-extension-pack-jdk\java\17\bin\jli.dll
0x00007ffc345b0000 - 0x00007ffc3475d000 	C:\WINDOWS\System32\USER32.dll
0x00007ffc33290000 - 0x00007ffc332b6000 	C:\WINDOWS\System32\win32u.dll
0x00007ffc34060000 - 0x00007ffc3408a000 	C:\WINDOWS\System32\GDI32.dll
0x00007ffc33170000 - 0x00007ffc3328e000 	C:\WINDOWS\System32\gdi32full.dll
0x00007ffc33060000 - 0x00007ffc330fd000 	C:\WINDOWS\System32\msvcp_win.dll
0x00007ffc18fc0000 - 0x00007ffc18fdb000 	c:\Users\olehi\AppData\Roaming\Code\User\globalStorage\pleiades.java-extension-pack-jdk\java\17\bin\VCRUNTIME140.dll
0x00007ffc1e6b0000 - 0x00007ffc1e955000 	C:\WINDOWS\WinSxS\amd64_microsoft.windows.common-controls_6595b64144ccf1df_6.0.22000.120_none_9d947278b86cc467\COMCTL32.dll
0x00007ffc33cc0000 - 0x00007ffc33d63000 	C:\WINDOWS\System32\msvcrt.dll
0x00007ffc33fa0000 - 0x00007ffc33fd1000 	C:\WINDOWS\System32\IMM32.DLL
0x00007ffc1eb50000 - 0x00007ffc1eb5c000 	c:\Users\olehi\AppData\Roaming\Code\User\globalStorage\pleiades.java-extension-pack-jdk\java\17\bin\vcruntime140_1.dll
0x00007ffbfd660000 - 0x00007ffbfd6ed000 	c:\Users\olehi\AppData\Roaming\Code\User\globalStorage\pleiades.java-extension-pack-jdk\java\17\bin\msvcp140.dll
0x00007ffbf6700000 - 0x00007ffbf7361000 	c:\Users\olehi\AppData\Roaming\Code\User\globalStorage\pleiades.java-extension-pack-jdk\java\17\bin\server\jvm.dll
0x00007ffc337d0000 - 0x00007ffc3387e000 	C:\WINDOWS\System32\ADVAPI32.dll
0x00007ffc35530000 - 0x00007ffc355ce000 	C:\WINDOWS\System32\sechost.dll
0x00007ffc33a70000 - 0x00007ffc33b91000 	C:\WINDOWS\System32\RPCRT4.dll
0x00007ffc324b0000 - 0x00007ffc324fd000 	C:\WINDOWS\SYSTEM32\POWRPROF.dll
0x00007ffc2f5b0000 - 0x00007ffc2f5b9000 	C:\WINDOWS\SYSTEM32\WSOCK32.dll
0x00007ffc35710000 - 0x00007ffc3577f000 	C:\WINDOWS\System32\WS2_32.dll
0x00007ffc2b5a0000 - 0x00007ffc2b5d3000 	C:\WINDOWS\SYSTEM32\WINMM.dll
0x00007ffc2bb20000 - 0x00007ffc2bb2a000 	C:\WINDOWS\SYSTEM32\VERSION.dll
0x00007ffc322e0000 - 0x00007ffc322f3000 	C:\WINDOWS\SYSTEM32\UMPDC.dll
0x00007ffc31d30000 - 0x00007ffc31d48000 	C:\WINDOWS\SYSTEM32\kernel.appcore.dll
0x00007ffc1e980000 - 0x00007ffc1e98a000 	c:\Users\olehi\AppData\Roaming\Code\User\globalStorage\pleiades.java-extension-pack-jdk\java\17\bin\jimage.dll
0x00007ffc22950000 - 0x00007ffc22b71000 	C:\WINDOWS\SYSTEM32\DBGHELP.DLL
0x00007ffc19f00000 - 0x00007ffc19f31000 	C:\WINDOWS\SYSTEM32\dbgcore.DLL
0x00007ffc32c50000 - 0x00007ffc32ccf000 	C:\WINDOWS\System32\bcryptPrimitives.dll
0x00007ffc1d3b0000 - 0x00007ffc1d3be000 	c:\Users\olehi\AppData\Roaming\Code\User\globalStorage\pleiades.java-extension-pack-jdk\java\17\bin\instrument.dll
0x00007ffc18f90000 - 0x00007ffc18fb5000 	c:\Users\olehi\AppData\Roaming\Code\User\globalStorage\pleiades.java-extension-pack-jdk\java\17\bin\java.dll
0x00007ffbfb4d0000 - 0x00007ffbfb5a7000 	c:\Users\olehi\AppData\Roaming\Code\User\globalStorage\pleiades.java-extension-pack-jdk\java\17\bin\jsvml.dll
0x00007ffc34d60000 - 0x00007ffc35525000 	C:\WINDOWS\System32\SHELL32.dll
0x00007ffc30d20000 - 0x00007ffc31582000 	C:\WINDOWS\SYSTEM32\windows.storage.dll
0x00007ffc34230000 - 0x00007ffc345a6000 	C:\WINDOWS\System32\combase.dll
0x00007ffc30bb0000 - 0x00007ffc30d17000 	C:\WINDOWS\SYSTEM32\wintypes.dll
0x00007ffc33970000 - 0x00007ffc33a5a000 	C:\WINDOWS\System32\SHCORE.dll
0x00007ffc33ff0000 - 0x00007ffc3404d000 	C:\WINDOWS\System32\shlwapi.dll
0x00007ffc32b80000 - 0x00007ffc32ba5000 	C:\WINDOWS\SYSTEM32\profapi.dll
0x00007ffc18f70000 - 0x00007ffc18f88000 	c:\Users\olehi\AppData\Roaming\Code\User\globalStorage\pleiades.java-extension-pack-jdk\java\17\bin\zip.dll
0x00007ffc16ae0000 - 0x00007ffc16af9000 	C:\Users\olehi\AppData\Roaming\Code\User\globalStorage\pleiades.java-extension-pack-jdk\java\17\bin\net.dll
0x00007ffc2bce0000 - 0x00007ffc2bdf4000 	C:\WINDOWS\SYSTEM32\WINHTTP.dll
0x00007ffc321e0000 - 0x00007ffc32247000 	C:\WINDOWS\system32\mswsock.dll
0x00007ffc16ac0000 - 0x00007ffc16ad6000 	C:\Users\olehi\AppData\Roaming\Code\User\globalStorage\pleiades.java-extension-pack-jdk\java\17\bin\nio.dll
0x00007ffc1d280000 - 0x00007ffc1d290000 	c:\Users\olehi\AppData\Roaming\Code\User\globalStorage\pleiades.java-extension-pack-jdk\java\17\bin\verify.dll
0x00007ffc16780000 - 0x00007ffc167be000 	C:\Users\olehi\AppData\Roaming\Code\User\globalStorage\redhat.java\1.25.0\config_win\org.eclipse.equinox.launcher\org.eclipse.equinox.launcher.win32.win32.x86_64_1.2.800.v20231003-1442\eclipse_11802.dll
0x00007ffc33e00000 - 0x00007ffc33f9a000 	C:\WINDOWS\System32\ole32.dll
0x00007ffc18b50000 - 0x00007ffc18b59000 	C:\Users\olehi\AppData\Roaming\Code\User\globalStorage\pleiades.java-extension-pack-jdk\java\17\bin\management.dll
0x00007ffc16a60000 - 0x00007ffc16a6b000 	C:\Users\olehi\AppData\Roaming\Code\User\globalStorage\pleiades.java-extension-pack-jdk\java\17\bin\management_ext.dll
0x00007ffc33a60000 - 0x00007ffc33a68000 	C:\WINDOWS\System32\PSAPI.DLL
0x00007ffc32450000 - 0x00007ffc32468000 	C:\WINDOWS\SYSTEM32\CRYPTSP.dll
0x00007ffc31c90000 - 0x00007ffc31cc5000 	C:\WINDOWS\system32\rsaenh.dll
0x00007ffc32300000 - 0x00007ffc3232c000 	C:\WINDOWS\SYSTEM32\USERENV.dll
0x00007ffc32620000 - 0x00007ffc32647000 	C:\WINDOWS\SYSTEM32\bcrypt.dll
0x00007ffc32470000 - 0x00007ffc3247c000 	C:\WINDOWS\SYSTEM32\CRYPTBASE.dll
0x00007ffc317d0000 - 0x00007ffc317fd000 	C:\WINDOWS\SYSTEM32\IPHLPAPI.DLL
0x00007ffc34090000 - 0x00007ffc34099000 	C:\WINDOWS\System32\NSI.dll
0x00007ffc2bf20000 - 0x00007ffc2bf39000 	C:\WINDOWS\SYSTEM32\dhcpcsvc6.DLL
0x00007ffc2c050000 - 0x00007ffc2c06e000 	C:\WINDOWS\SYSTEM32\dhcpcsvc.DLL
0x00007ffc31800000 - 0x00007ffc318e7000 	C:\WINDOWS\SYSTEM32\DNSAPI.dll
0x00007ffc02cf0000 - 0x00007ffc02d35000 	C:\Users\olehi\AppData\Local\Temp\jna-105828649\jna2756110084535049625.dll

dbghelp: loaded successfully - version: 4.0.5 - missing functions: none
symbol engine: initialized successfully - sym options: 0x614 - pdb path: .;c:\Users\olehi\AppData\Roaming\Code\User\globalStorage\pleiades.java-extension-pack-jdk\java\17\bin;C:\WINDOWS\SYSTEM32;C:\WINDOWS\WinSxS\amd64_microsoft.windows.common-controls_6595b64144ccf1df_6.0.22000.120_none_9d947278b86cc467;c:\Users\olehi\AppData\Roaming\Code\User\globalStorage\pleiades.java-extension-pack-jdk\java\17\bin\server;C:\Users\olehi\AppData\Roaming\Code\User\globalStorage\redhat.java\1.25.0\config_win\org.eclipse.equinox.launcher\org.eclipse.equinox.launcher.win32.win32.x86_64_1.2.800.v20231003-1442;C:\Users\olehi\AppData\Local\Temp\jna-105828649

VM Arguments:
jvm_args: --add-modules=ALL-SYSTEM --add-opens=java.base/java.util=ALL-UNNAMED --add-opens=java.base/java.lang=ALL-UNNAMED --add-opens=java.base/sun.nio.fs=ALL-UNNAMED -Declipse.application=org.eclipse.jdt.ls.core.id1 -Dosgi.bundles.defaultStartLevel=4 -Declipse.product=org.eclipse.jdt.ls.core.product -Djava.import.generatesMetadataFilesAtProjectRoot=false -DDetectVMInstallationsJob.disabled=true -Dfile.encoding=utf8 -XX:+UseParallelGC -XX:GCTimeRatio=4 -XX:AdaptiveSizePolicyWeight=90 -Dsun.zip.disableMemoryMapping=true -Xmx1G -Xms100m -Xlog:disable -javaagent:c:\Users\olehi\.vscode\extensions\redhat.java-1.25.0-win32-x64\lombok\lombok-1.18.30.jar -XX:+HeapDumpOnOutOfMemoryError -XX:HeapDumpPath=c:\Users\olehi\AppData\Roaming\Code\User\workspaceStorage\327bbc810c102c4755b09190e4f9f62a\redhat.java -Daether.dependencyCollector.impl=bf 
java_command: c:\Users\olehi\.vscode\extensions\redhat.java-1.25.0-win32-x64\server\plugins\org.eclipse.equinox.launcher_1.6.600.v20231012-1237.jar -configuration c:\Users\olehi\AppData\Roaming\Code\User\globalStorage\redhat.java\1.25.0\config_win -data c:\Users\olehi\AppData\Roaming\Code\User\workspaceStorage\327bbc810c102c4755b09190e4f9f62a\redhat.java\jdt_ws --stdio
java_class_path (initial): c:\Users\olehi\.vscode\extensions\redhat.java-1.25.0-win32-x64\server\plugins\org.eclipse.equinox.launcher_1.6.600.v20231012-1237.jar
Launcher Type: SUN_STANDARD

[Global flags]
    uintx AdaptiveSizePolicyWeight                 = 90                                        {product} {command line}
     intx CICompilerCount                          = 3                                         {product} {ergonomic}
    uintx GCTimeRatio                              = 4                                         {product} {command line}
     bool HeapDumpOnOutOfMemoryError               = true                                   {manageable} {command line}
    ccstr HeapDumpPath                             = c:\Users\olehi\AppData\Roaming\Code\User\workspaceStorage\327bbc810c102c4755b09190e4f9f62a\redhat.java         {manageable} {command line}
   size_t InitialHeapSize                          = 104857600                                 {product} {command line}
   size_t MaxHeapSize                              = 1073741824                                {product} {command line}
   size_t MaxNewSize                               = 357564416                                 {product} {ergonomic}
   size_t MinHeapDeltaBytes                        = 524288                                    {product} {ergonomic}
   size_t MinHeapSize                              = 104857600                                 {product} {command line}
   size_t NewSize                                  = 34603008                                  {product} {ergonomic}
    uintx NonNMethodCodeHeapSize                   = 5832780                                {pd product} {ergonomic}
    uintx NonProfiledCodeHeapSize                  = 122912730                              {pd product} {ergonomic}
   size_t OldSize                                  = 70254592                                  {product} {ergonomic}
    uintx ProfiledCodeHeapSize                     = 122912730                              {pd product} {ergonomic}
    uintx ReservedCodeCacheSize                    = 251658240                              {pd product} {ergonomic}
     bool SegmentedCodeCache                       = true                                      {product} {ergonomic}
   size_t SoftMaxHeapSize                          = 1073741824                             {manageable} {ergonomic}
     bool UseCompressedClassPointers               = true                           {product lp64_product} {ergonomic}
     bool UseCompressedOops                        = true                           {product lp64_product} {ergonomic}
     bool UseLargePagesIndividualAllocation        = false                                  {pd product} {ergonomic}
     bool UseParallelGC                            = true                                      {product} {command line}

Logging:
Log output configuration:
 #0: stdout all=off uptime,level,tags
 #1: stderr all=off uptime,level,tags

Environment Variables:
PATH=C:\Program Files\Microsoft\jdk-11.0.16.101-hotspot\bin;C:\ProgramData\Oracle\Java\javapath;C:\WINDOWS\system32;C:\WINDOWS;C:\WINDOWS\System32\Wbem;C:\WINDOWS\System32\WindowsPowerShell\v1.0\;C:\WINDOWS\System32\OpenSSH\;C:\Program Files\Microsoft SQL Server\130\Tools\Binn\;C:\Program Files (x86)\NoteBook FanControl\;C:\Program Files\Microsoft SQL Server\150\Tools\Binn\;C:\Program Files\dotnet\;C:\Aldec\Active-HDL-Student-Edition\bin;C:\Program Files\Microsoft SQL Server\Client SDK\ODBC\170\Tools\Binn\;C:\Program Files (x86)\Windows Kits\10\Windows Performance Toolkit\;C:\Users\olehi\AppData\Local\Programs\Python\Python312\Scripts\;C:\Users\olehi\AppData\Local\Programs\Python\Python312\;C:\Users\olehi\AppData\Local\Microsoft\WindowsApps;C:\Users\olehi\.dotnet\tools;C:\Users\olehi\AppData\Local\Programs\Microsoft VS Code\bin
USERNAME=olehi
OS=Windows_NT
PROCESSOR_IDENTIFIER=AMD64 Family 23 Model 96 Stepping 1, AuthenticAMD
TMP=C:\Users\olehi\AppData\Local\Temp
TEMP=C:\Users\olehi\AppData\Local\Temp



Periodic native trim disabled


---------------  S Y S T E M  ---------------

OS:
 Windows 11 , 64 bit Build 22000 (10.0.22000.2538)
OS uptime: 0 days 7:20 hours

CPU: total 6 (initial active 6) (6 cores per cpu, 1 threads per core) family 23 model 96 stepping 1 microcode 0x0, cx8, cmov, fxsr, mmx, 3dnowpref, sse, sse2, sse3, ssse3, sse4a, sse4.1, sse4.2, popcnt, lzcnt, tsc, tscinvbit, avx, avx2, aes, clmul, bmi1, bmi2, adx, sha, fma, vzeroupper, clflush, clflushopt
Processor Information for all 6 processors :
  Max Mhz: 2375, Current Mhz: 2375, Mhz Limit: 2375

Memory: 4k page, system-wide physical 7541M (356M free)
TotalPageFile size 15937M (AvailPageFile size 3M)
current process WorkingSet (physical memory assigned to process): 721M, peak: 722M
current process commit charge ("private bytes"): 750M, peak: 977M

vm_info: OpenJDK 64-Bit Server VM (17.0.9+9) for windows-amd64 JRE (17.0.9+9), built on Oct 26 2023 14:01:42 by "admin" with MS VC++ 16.10 / 16.11 (VS2019)

END.
